<?xml version="1.0" encoding="UTF-8"?>
<!-- Generated by org.testng.reporters.JUnitReportReporter -->
<testsuite hostname="APT04-GYTN0J3" failures="0" tests="2" name="stanalone.tests.StandAloneTestWithPageObjectsDependentTests" time="21.945" errors="0" timestamp="2024-11-27T18:26:55 IST" skipped="0">
  <testcase classname="stanalone.tests.StandAloneTestWithPageObjectsDependentTests" name="itemValidation1" time="16.631"/>
  <system-out/>
  <testcase classname="stanalone.tests.StandAloneTestWithPageObjectsDependentTests" name="itemValidation2" time="5.314"/>
  <system-out/>
</testsuite> <!-- stanalone.tests.StandAloneTestWithPageObjectsDependentTests -->
