<?xml version="1.0" encoding="UTF-8"?>
<!-- Generated by org.testng.reporters.JUnitReportReporter -->
<testsuite hostname="APT04-GYTN0J3" failures="0" tests="2" name="stanalone.tests.StandAloneTestWithPageObjectsDependentTests" time="9.726" errors="0" timestamp="2024-12-07T13:46:15 IST" skipped="0">
  <testcase classname="stanalone.tests.StandAloneTestWithPageObjectsDependentTests" name="itemValidation2" time="3.829"/>
  <testcase classname="stanalone.tests.StandAloneTestWithPageObjectsDependentTests" name="itemValidation1" time="5.897"/>
</testsuite> <!-- stanalone.tests.StandAloneTestWithPageObjectsDependentTests -->
